D:\Works\SMS Mobile\SpeedWap\Debug\BitEncoder.obj
D:\Works\SMS Mobile\SpeedWap\Debug\ByteBuffer.obj
D:\Works\SMS Mobile\SpeedWap\Debug\ComPort.obj
D:\Works\SMS Mobile\SpeedWap\Debug\CoreSpam.obj
D:\Works\SMS Mobile\SpeedWap\Debug\DetailDlg.obj
D:\Works\SMS Mobile\SpeedWap\Debug\EndlineNotFoundException.obj
D:\Works\SMS Mobile\SpeedWap\Debug\NotEnoughDataInByteBufferException.obj
D:\Works\SMS Mobile\SpeedWap\Debug\SpeedWS.exe
D:\Works\SMS Mobile\SpeedWap\Debug\SpeedWS.exe.embed.manifest
D:\Works\SMS Mobile\SpeedWap\Debug\SpeedWS.exe.embed.manifest.res
D:\Works\SMS Mobile\SpeedWap\Debug\SpeedWS.exe.intermediate.manifest
D:\Works\SMS Mobile\SpeedWap\Debug\SpeedWS.ilk
D:\Works\SMS Mobile\SpeedWap\Debug\SpeedWS.obj
D:\Works\SMS Mobile\SpeedWap\Debug\SpeedWS.pch
D:\Works\SMS Mobile\SpeedWap\Debug\SpeedWS.pdb
D:\Works\SMS Mobile\SpeedWap\Debug\SpeedWS.res
D:\Works\SMS Mobile\SpeedWap\Debug\SpeedWSDlg.obj
D:\Works\SMS Mobile\SpeedWap\Debug\stdafx.obj
D:\Works\SMS Mobile\SpeedWap\Debug\TerminatingZeroNotFoundException.obj
D:\Works\SMS Mobile\SpeedWap\Debug\Utils.obj
D:\Works\SMS Mobile\SpeedWap\Debug\vc90.idb
D:\Works\SMS Mobile\SpeedWap\Debug\vc90.pdb
D:\Works\SMS Mobile\SpeedWap\Debug\WapForm.obj
D:\Works\SMS Mobile\SpeedWap\Debug\WAPPushPDU.obj
